17-Sep-2023 01:04:00.528 INFO [Thread-1] org.apache.coyote.AbstractProtocol.pause Pausing ProtocolHandler ["http-nio-8080"]
17-Sep-2023 01:04:00.622 INFO [Thread-1] org.apache.catalina.core.StandardService.stopInternal Stopping service [Catalina]
17-Sep-2023 01:04:00.998 WARNING [Thread-1] org.apache.catalina.loader.WebappClassLoaderBase.clearReferencesJdbc The web application [server] registered the JDBC driver [com.microsoft.sqlserver.jdbc.SQLServerDriver] but failed to unregister it when the web application was stopped. To prevent a memory leak, the JDBC Driver has been forcibly unregistered.
17-Sep-2023 01:04:01.045 INFO [Thread-1] org.apache.coyote.AbstractProtocol.stop Stopping ProtocolHandler ["http-nio-8080"]
17-Sep-2023 01:04:01.154 INFO [Thread-1] org.apache.coyote.AbstractProtocol.destroy Destroying ProtocolHandler ["http-nio-8080"]
17-Sep-2023 18:04:26.341 INFO [main] org.apache.catalina.startup.VersionLoggerListener.log Server version name:   Apache Tomcat/10.1.11
17-Sep-2023 18:04:26.386 INFO [main] org.apache.catalina.startup.VersionLoggerListener.log Server built:          Jul 6 2023 13:45:39 UTC
17-Sep-2023 18:04:26.392 INFO [main] org.apache.catalina.startup.VersionLoggerListener.log Server version number: 10.1.11.0
17-Sep-2023 18:04:26.394 INFO [main] org.apache.catalina.startup.VersionLoggerListener.log OS Name:               Windows 10
17-Sep-2023 18:04:26.396 INFO [main] org.apache.catalina.startup.VersionLoggerListener.log OS Version:            10.0
17-Sep-2023 18:04:26.399 INFO [main] org.apache.catalina.startup.VersionLoggerListener.log Architecture:          amd64
17-Sep-2023 18:04:26.401 INFO [main] org.apache.catalina.startup.VersionLoggerListener.log Java Home:             C:\Program Files\Java\jdk-17.0.2
17-Sep-2023 18:04:26.404 INFO [main] org.apache.catalina.startup.VersionLoggerListener.log JVM Version:           17.0.2+8-LTS-86
17-Sep-2023 18:04:26.406 INFO [main] org.apache.catalina.startup.VersionLoggerListener.log JVM Vendor:            Oracle Corporation
17-Sep-2023 18:04:26.455 INFO [main] org.apache.catalina.startup.VersionLoggerListener.log CATALINA_BASE:         E:\JAVASCRIPPPTTTT\Fuse-React-v8.2.1-demo\apache-tomcat-10.1.11
17-Sep-2023 18:04:26.458 INFO [main] org.apache.catalina.startup.VersionLoggerListener.log CATALINA_HOME:         E:\JAVASCRIPPPTTTT\Fuse-React-v8.2.1-demo\apache-tomcat-10.1.11
17-Sep-2023 18:04:26.511 INFO [main] org.apache.catalina.startup.VersionLoggerListener.log Command line argument: -Djava.util.logging.config.file=E:\JAVASCRIPPPTTTT\Fuse-React-v8.2.1-demo\apache-tomcat-10.1.11\conf\logging.properties
17-Sep-2023 18:04:26.512 INFO [main] org.apache.catalina.startup.VersionLoggerListener.log Command line argument: -Djava.util.logging.manager=org.apache.juli.ClassLoaderLogManager
17-Sep-2023 18:04:26.513 INFO [main] org.apache.catalina.startup.VersionLoggerListener.log Command line argument: -Djdk.tls.ephemeralDHKeySize=2048
17-Sep-2023 18:04:26.514 INFO [main] org.apache.catalina.startup.VersionLoggerListener.log Command line argument: -Djava.protocol.handler.pkgs=org.apache.catalina.webresources
17-Sep-2023 18:04:26.516 INFO [main] org.apache.catalina.startup.VersionLoggerListener.log Command line argument: --add-opens=java.base/java.lang=ALL-UNNAMED
17-Sep-2023 18:04:26.517 INFO [main] org.apache.catalina.startup.VersionLoggerListener.log Command line argument: --add-opens=java.base/java.io=ALL-UNNAMED
17-Sep-2023 18:04:26.520 INFO [main] org.apache.catalina.startup.VersionLoggerListener.log Command line argument: --add-opens=java.base/java.util=ALL-UNNAMED
17-Sep-2023 18:04:26.523 INFO [main] org.apache.catalina.startup.VersionLoggerListener.log Command line argument: --add-opens=java.base/java.util.concurrent=ALL-UNNAMED
17-Sep-2023 18:04:26.525 INFO [main] org.apache.catalina.startup.VersionLoggerListener.log Command line argument: --add-opens=java.rmi/sun.rmi.transport=ALL-UNNAMED
17-Sep-2023 18:04:26.531 INFO [main] org.apache.catalina.startup.VersionLoggerListener.log Command line argument: -Dcatalina.base=E:\JAVASCRIPPPTTTT\Fuse-React-v8.2.1-demo\apache-tomcat-10.1.11
17-Sep-2023 18:04:26.534 INFO [main] org.apache.catalina.startup.VersionLoggerListener.log Command line argument: -Dcatalina.home=E:\JAVASCRIPPPTTTT\Fuse-React-v8.2.1-demo\apache-tomcat-10.1.11
17-Sep-2023 18:04:26.542 INFO [main] org.apache.catalina.startup.VersionLoggerListener.log Command line argument: -Djava.io.tmpdir=E:\JAVASCRIPPPTTTT\Fuse-React-v8.2.1-demo\apache-tomcat-10.1.11\temp
17-Sep-2023 18:04:26.571 INFO [main] org.apache.catalina.core.AprLifecycleListener.lifecycleEvent Loaded Apache Tomcat Native library [2.0.4] using APR version [1.7.4].
17-Sep-2023 18:04:26.660 INFO [main] org.apache.catalina.core.AprLifecycleListener.initializeSSL OpenSSL successfully initialized [OpenSSL 3.0.9 30 May 2023]
17-Sep-2023 18:04:28.950 INFO [main] org.apache.coyote.AbstractProtocol.init Initializing ProtocolHandler ["http-nio-8080"]
17-Sep-2023 18:04:29.159 INFO [main] org.apache.catalina.startup.Catalina.load Server initialization in [4847] milliseconds
17-Sep-2023 18:04:29.573 INFO [main] org.apache.catalina.core.StandardService.startInternal Starting service [Catalina]
17-Sep-2023 18:04:29.576 INFO [main] org.apache.catalina.core.StandardEngine.startInternal Starting Servlet engine: [Apache Tomcat/10.1.11]
17-Sep-2023 18:04:29.749 INFO [main] org.apache.catalina.startup.HostConfig.deployWAR Deploying web application archive [E:\JAVASCRIPPPTTTT\Fuse-React-v8.2.1-demo\apache-tomcat-10.1.11\webapps\server-1.0-SNAPSHOT.war]
17-Sep-2023 18:04:36.885 INFO [main] org.apache.jasper.servlet.TldScanner.scanJars At least one JAR was scanned for TLDs yet contained no TLDs. Enable debug logging for this logger for a complete list of JARs that were scanned but no TLDs were found in them. Skipping unneeded JARs during scanning can improve startup time and JSP compilation time.
17-Sep-2023 18:04:37.654 WARNING [main] org.apache.catalina.util.SessionIdGeneratorBase.createSecureRandom Creation of SecureRandom instance for session ID generation using [SHA1PRNG] took [573] milliseconds.
17-Sep-2023 18:04:37.858 INFO [main] org.apache.catalina.startup.HostConfig.deployWAR Deployment of web application archive [E:\JAVASCRIPPPTTTT\Fuse-React-v8.2.1-demo\apache-tomcat-10.1.11\webapps\server-1.0-SNAPSHOT.war] has finished in [8,110] ms
17-Sep-2023 18:04:37.934 INFO [main] org.apache.catalina.startup.HostConfig.deployDirectory Deploying web application directory [E:\JAVASCRIPPPTTTT\Fuse-React-v8.2.1-demo\apache-tomcat-10.1.11\webapps\docs]
17-Sep-2023 18:04:38.533 INFO [main] org.apache.catalina.startup.HostConfig.deployDirectory Deployment of web application directory [E:\JAVASCRIPPPTTTT\Fuse-React-v8.2.1-demo\apache-tomcat-10.1.11\webapps\docs] has finished in [600] ms
17-Sep-2023 18:04:38.630 INFO [main] org.apache.catalina.startup.HostConfig.deployDirectory Deploying web application directory [E:\JAVASCRIPPPTTTT\Fuse-React-v8.2.1-demo\apache-tomcat-10.1.11\webapps\examples]
17-Sep-2023 18:04:45.800 INFO [main] org.apache.catalina.startup.HostConfig.deployDirectory Deployment of web application directory [E:\JAVASCRIPPPTTTT\Fuse-React-v8.2.1-demo\apache-tomcat-10.1.11\webapps\examples] has finished in [7,193] ms
17-Sep-2023 18:04:45.832 INFO [main] org.apache.catalina.startup.HostConfig.deployDirectory Deploying web application directory [E:\JAVASCRIPPPTTTT\Fuse-React-v8.2.1-demo\apache-tomcat-10.1.11\webapps\host-manager]
17-Sep-2023 18:04:46.284 INFO [main] org.apache.catalina.startup.HostConfig.deployDirectory Deployment of web application directory [E:\JAVASCRIPPPTTTT\Fuse-React-v8.2.1-demo\apache-tomcat-10.1.11\webapps\host-manager] has finished in [453] ms
17-Sep-2023 18:04:46.294 INFO [main] org.apache.catalina.startup.HostConfig.deployDirectory Deploying web application directory [E:\JAVASCRIPPPTTTT\Fuse-React-v8.2.1-demo\apache-tomcat-10.1.11\webapps\manager]
17-Sep-2023 18:04:46.882 INFO [main] org.apache.catalina.startup.HostConfig.deployDirectory Deployment of web application directory [E:\JAVASCRIPPPTTTT\Fuse-React-v8.2.1-demo\apache-tomcat-10.1.11\webapps\manager] has finished in [591] ms
17-Sep-2023 18:04:46.899 INFO [main] org.apache.catalina.startup.HostConfig.deployDirectory Deploying web application directory [E:\JAVASCRIPPPTTTT\Fuse-React-v8.2.1-demo\apache-tomcat-10.1.11\webapps\ROOT]
17-Sep-2023 18:04:47.310 INFO [main] org.apache.catalina.startup.HostConfig.deployDirectory Deployment of web application directory [E:\JAVASCRIPPPTTTT\Fuse-React-v8.2.1-demo\apache-tomcat-10.1.11\webapps\ROOT] has finished in [406] ms
17-Sep-2023 18:04:47.324 INFO [main] org.apache.catalina.startup.HostConfig.deployDirectory Deploying web application directory [E:\JAVASCRIPPPTTTT\Fuse-React-v8.2.1-demo\apache-tomcat-10.1.11\webapps\server]
17-Sep-2023 18:04:51.009 INFO [main] org.apache.jasper.servlet.TldScanner.scanJars At least one JAR was scanned for TLDs yet contained no TLDs. Enable debug logging for this logger for a complete list of JARs that were scanned but no TLDs were found in them. Skipping unneeded JARs during scanning can improve startup time and JSP compilation time.
17-Sep-2023 18:04:51.041 INFO [main] org.apache.catalina.startup.HostConfig.deployDirectory Deployment of web application directory [E:\JAVASCRIPPPTTTT\Fuse-React-v8.2.1-demo\apache-tomcat-10.1.11\webapps\server] has finished in [3,718] ms
17-Sep-2023 18:04:51.056 INFO [main] org.apache.coyote.AbstractProtocol.start Starting ProtocolHandler ["http-nio-8080"]
17-Sep-2023 18:04:51.608 INFO [main] org.apache.catalina.startup.Catalina.start Server startup in [22448] milliseconds
17-Sep-2023 18:07:18.688 INFO [main] org.apache.catalina.startup.VersionLoggerListener.log Server version name:   Apache Tomcat/10.1.11
17-Sep-2023 18:07:18.706 INFO [main] org.apache.catalina.startup.VersionLoggerListener.log Server built:          Jul 6 2023 13:45:39 UTC
17-Sep-2023 18:07:18.712 INFO [main] org.apache.catalina.startup.VersionLoggerListener.log Server version number: 10.1.11.0
17-Sep-2023 18:07:18.712 INFO [main] org.apache.catalina.startup.VersionLoggerListener.log OS Name:               Windows 10
17-Sep-2023 18:07:18.713 INFO [main] org.apache.catalina.startup.VersionLoggerListener.log OS Version:            10.0
17-Sep-2023 18:07:18.713 INFO [main] org.apache.catalina.startup.VersionLoggerListener.log Architecture:          amd64
17-Sep-2023 18:07:18.714 INFO [main] org.apache.catalina.startup.VersionLoggerListener.log Java Home:             C:\Program Files\Java\jdk-17.0.2
17-Sep-2023 18:07:18.714 INFO [main] org.apache.catalina.startup.VersionLoggerListener.log JVM Version:           17.0.2+8-LTS-86
17-Sep-2023 18:07:18.715 INFO [main] org.apache.catalina.startup.VersionLoggerListener.log JVM Vendor:            Oracle Corporation
17-Sep-2023 18:07:18.715 INFO [main] org.apache.catalina.startup.VersionLoggerListener.log CATALINA_BASE:         E:\JAVASCRIPPPTTTT\Fuse-React-v8.2.1-demo\apache-tomcat-10.1.11
17-Sep-2023 18:07:18.715 INFO [main] org.apache.catalina.startup.VersionLoggerListener.log CATALINA_HOME:         E:\JAVASCRIPPPTTTT\Fuse-React-v8.2.1-demo\apache-tomcat-10.1.11
17-Sep-2023 18:07:18.759 INFO [main] org.apache.catalina.startup.VersionLoggerListener.log Command line argument: -Djava.util.logging.config.file=E:\JAVASCRIPPPTTTT\Fuse-React-v8.2.1-demo\apache-tomcat-10.1.11\conf\logging.properties
17-Sep-2023 18:07:18.761 INFO [main] org.apache.catalina.startup.VersionLoggerListener.log Command line argument: -Djava.util.logging.manager=org.apache.juli.ClassLoaderLogManager
17-Sep-2023 18:07:18.762 INFO [main] org.apache.catalina.startup.VersionLoggerListener.log Command line argument: -Djdk.tls.ephemeralDHKeySize=2048
17-Sep-2023 18:07:18.762 INFO [main] org.apache.catalina.startup.VersionLoggerListener.log Command line argument: -Djava.protocol.handler.pkgs=org.apache.catalina.webresources
17-Sep-2023 18:07:18.762 INFO [main] org.apache.catalina.startup.VersionLoggerListener.log Command line argument: --add-opens=java.base/java.lang=ALL-UNNAMED
17-Sep-2023 18:07:18.763 INFO [main] org.apache.catalina.startup.VersionLoggerListener.log Command line argument: --add-opens=java.base/java.io=ALL-UNNAMED
17-Sep-2023 18:07:18.764 INFO [main] org.apache.catalina.startup.VersionLoggerListener.log Command line argument: --add-opens=java.base/java.util=ALL-UNNAMED
17-Sep-2023 18:07:18.766 INFO [main] org.apache.catalina.startup.VersionLoggerListener.log Command line argument: --add-opens=java.base/java.util.concurrent=ALL-UNNAMED
17-Sep-2023 18:07:18.768 INFO [main] org.apache.catalina.startup.VersionLoggerListener.log Command line argument: --add-opens=java.rmi/sun.rmi.transport=ALL-UNNAMED
17-Sep-2023 18:07:18.768 INFO [main] org.apache.catalina.startup.VersionLoggerListener.log Command line argument: -Dcatalina.base=E:\JAVASCRIPPPTTTT\Fuse-React-v8.2.1-demo\apache-tomcat-10.1.11
17-Sep-2023 18:07:18.769 INFO [main] org.apache.catalina.startup.VersionLoggerListener.log Command line argument: -Dcatalina.home=E:\JAVASCRIPPPTTTT\Fuse-React-v8.2.1-demo\apache-tomcat-10.1.11
17-Sep-2023 18:07:18.770 INFO [main] org.apache.catalina.startup.VersionLoggerListener.log Command line argument: -Djava.io.tmpdir=E:\JAVASCRIPPPTTTT\Fuse-React-v8.2.1-demo\apache-tomcat-10.1.11\temp
17-Sep-2023 18:07:18.785 INFO [main] org.apache.catalina.core.AprLifecycleListener.lifecycleEvent Loaded Apache Tomcat Native library [2.0.4] using APR version [1.7.4].
17-Sep-2023 18:07:18.851 INFO [main] org.apache.catalina.core.AprLifecycleListener.initializeSSL OpenSSL successfully initialized [OpenSSL 3.0.9 30 May 2023]
17-Sep-2023 18:07:19.984 INFO [main] org.apache.coyote.AbstractProtocol.init Initializing ProtocolHandler ["http-nio-8080"]
17-Sep-2023 18:07:20.093 INFO [main] org.apache.catalina.startup.Catalina.load Server initialization in [2029] milliseconds
17-Sep-2023 18:07:20.253 INFO [main] org.apache.catalina.core.StandardService.startInternal Starting service [Catalina]
17-Sep-2023 18:07:20.254 INFO [main] org.apache.catalina.core.StandardEngine.startInternal Starting Servlet engine: [Apache Tomcat/10.1.11]
17-Sep-2023 18:07:20.316 INFO [main] org.apache.catalina.startup.HostConfig.deployWAR Deploying web application archive [E:\JAVASCRIPPPTTTT\Fuse-React-v8.2.1-demo\apache-tomcat-10.1.11\webapps\server-1.0-SNAPSHOT.war]
17-Sep-2023 18:07:22.703 INFO [main] org.apache.jasper.servlet.TldScanner.scanJars At least one JAR was scanned for TLDs yet contained no TLDs. Enable debug logging for this logger for a complete list of JARs that were scanned but no TLDs were found in them. Skipping unneeded JARs during scanning can improve startup time and JSP compilation time.
17-Sep-2023 18:07:22.924 WARNING [main] org.apache.catalina.util.SessionIdGeneratorBase.createSecureRandom Creation of SecureRandom instance for session ID generation using [SHA1PRNG] took [139] milliseconds.
17-Sep-2023 18:07:22.971 INFO [main] org.apache.catalina.startup.HostConfig.deployWAR Deployment of web application archive [E:\JAVASCRIPPPTTTT\Fuse-React-v8.2.1-demo\apache-tomcat-10.1.11\webapps\server-1.0-SNAPSHOT.war] has finished in [2,656] ms
17-Sep-2023 18:07:22.971 INFO [main] org.apache.catalina.startup.HostConfig.deployDirectory Deploying web application directory [E:\JAVASCRIPPPTTTT\Fuse-React-v8.2.1-demo\apache-tomcat-10.1.11\webapps\docs]
17-Sep-2023 18:07:23.049 INFO [main] org.apache.catalina.startup.HostConfig.deployDirectory Deployment of web application directory [E:\JAVASCRIPPPTTTT\Fuse-React-v8.2.1-demo\apache-tomcat-10.1.11\webapps\docs] has finished in [78] ms
17-Sep-2023 18:07:23.049 INFO [main] org.apache.catalina.startup.HostConfig.deployDirectory Deploying web application directory [E:\JAVASCRIPPPTTTT\Fuse-React-v8.2.1-demo\apache-tomcat-10.1.11\webapps\examples]
17-Sep-2023 18:07:23.737 INFO [main] org.apache.catalina.startup.HostConfig.deployDirectory Deployment of web application directory [E:\JAVASCRIPPPTTTT\Fuse-React-v8.2.1-demo\apache-tomcat-10.1.11\webapps\examples] has finished in [688] ms
17-Sep-2023 18:07:23.737 INFO [main] org.apache.catalina.startup.HostConfig.deployDirectory Deploying web application directory [E:\JAVASCRIPPPTTTT\Fuse-React-v8.2.1-demo\apache-tomcat-10.1.11\webapps\host-manager]
17-Sep-2023 18:07:23.815 INFO [main] org.apache.catalina.startup.HostConfig.deployDirectory Deployment of web application directory [E:\JAVASCRIPPPTTTT\Fuse-React-v8.2.1-demo\apache-tomcat-10.1.11\webapps\host-manager] has finished in [78] ms
17-Sep-2023 18:07:23.831 INFO [main] org.apache.catalina.startup.HostConfig.deployDirectory Deploying web application directory [E:\JAVASCRIPPPTTTT\Fuse-React-v8.2.1-demo\apache-tomcat-10.1.11\webapps\manager]
17-Sep-2023 18:07:23.907 INFO [main] org.apache.catalina.startup.HostConfig.deployDirectory Deployment of web application directory [E:\JAVASCRIPPPTTTT\Fuse-React-v8.2.1-demo\apache-tomcat-10.1.11\webapps\manager] has finished in [76] ms
17-Sep-2023 18:07:23.907 INFO [main] org.apache.catalina.startup.HostConfig.deployDirectory Deploying web application directory [E:\JAVASCRIPPPTTTT\Fuse-React-v8.2.1-demo\apache-tomcat-10.1.11\webapps\ROOT]
17-Sep-2023 18:07:23.969 INFO [main] org.apache.catalina.startup.HostConfig.deployDirectory Deployment of web application directory [E:\JAVASCRIPPPTTTT\Fuse-React-v8.2.1-demo\apache-tomcat-10.1.11\webapps\ROOT] has finished in [62] ms
17-Sep-2023 18:07:23.969 INFO [main] org.apache.catalina.startup.HostConfig.deployDirectory Deploying web application directory [E:\JAVASCRIPPPTTTT\Fuse-React-v8.2.1-demo\apache-tomcat-10.1.11\webapps\server]
17-Sep-2023 18:07:24.759 INFO [main] org.apache.jasper.servlet.TldScanner.scanJars At least one JAR was scanned for TLDs yet contained no TLDs. Enable debug logging for this logger for a complete list of JARs that were scanned but no TLDs were found in them. Skipping unneeded JARs during scanning can improve startup time and JSP compilation time.
17-Sep-2023 18:07:24.767 INFO [main] org.apache.catalina.startup.HostConfig.deployDirectory Deployment of web application directory [E:\JAVASCRIPPPTTTT\Fuse-React-v8.2.1-demo\apache-tomcat-10.1.11\webapps\server] has finished in [798] ms
17-Sep-2023 18:07:24.772 INFO [main] org.apache.coyote.AbstractProtocol.start Starting ProtocolHandler ["http-nio-8080"]
17-Sep-2023 18:07:24.920 INFO [main] org.apache.catalina.startup.Catalina.start Server startup in [4830] milliseconds
17-Sep-2023 18:48:20.664 INFO [main] org.apache.catalina.startup.VersionLoggerListener.log Server version name:   Apache Tomcat/10.1.11
17-Sep-2023 18:48:20.680 INFO [main] org.apache.catalina.startup.VersionLoggerListener.log Server built:          Jul 6 2023 13:45:39 UTC
17-Sep-2023 18:48:20.680 INFO [main] org.apache.catalina.startup.VersionLoggerListener.log Server version number: 10.1.11.0
17-Sep-2023 18:48:20.680 INFO [main] org.apache.catalina.startup.VersionLoggerListener.log OS Name:               Windows 10
17-Sep-2023 18:48:20.680 INFO [main] org.apache.catalina.startup.VersionLoggerListener.log OS Version:            10.0
17-Sep-2023 18:48:20.680 INFO [main] org.apache.catalina.startup.VersionLoggerListener.log Architecture:          amd64
17-Sep-2023 18:48:20.680 INFO [main] org.apache.catalina.startup.VersionLoggerListener.log Java Home:             C:\Program Files\Java\jdk-17.0.2
17-Sep-2023 18:48:20.680 INFO [main] org.apache.catalina.startup.VersionLoggerListener.log JVM Version:           17.0.2+8-LTS-86
17-Sep-2023 18:48:20.680 INFO [main] org.apache.catalina.startup.VersionLoggerListener.log JVM Vendor:            Oracle Corporation
17-Sep-2023 18:48:20.680 INFO [main] org.apache.catalina.startup.VersionLoggerListener.log CATALINA_BASE:         E:\JAVASCRIPPPTTTT\Fuse-React-v8.2.1-demo\apache-tomcat-10.1.11
17-Sep-2023 18:48:20.680 INFO [main] org.apache.catalina.startup.VersionLoggerListener.log CATALINA_HOME:         E:\JAVASCRIPPPTTTT\Fuse-React-v8.2.1-demo\apache-tomcat-10.1.11
17-Sep-2023 18:48:20.709 INFO [main] org.apache.catalina.startup.VersionLoggerListener.log Command line argument: -Djava.util.logging.config.file=E:\JAVASCRIPPPTTTT\Fuse-React-v8.2.1-demo\apache-tomcat-10.1.11\conf\logging.properties
17-Sep-2023 18:48:20.709 INFO [main] org.apache.catalina.startup.VersionLoggerListener.log Command line argument: -Djava.util.logging.manager=org.apache.juli.ClassLoaderLogManager
17-Sep-2023 18:48:20.709 INFO [main] org.apache.catalina.startup.VersionLoggerListener.log Command line argument: -Djdk.tls.ephemeralDHKeySize=2048
17-Sep-2023 18:48:20.709 INFO [main] org.apache.catalina.startup.VersionLoggerListener.log Command line argument: -Djava.protocol.handler.pkgs=org.apache.catalina.webresources
17-Sep-2023 18:48:20.709 INFO [main] org.apache.catalina.startup.VersionLoggerListener.log Command line argument: --add-opens=java.base/java.lang=ALL-UNNAMED
17-Sep-2023 18:48:20.709 INFO [main] org.apache.catalina.startup.VersionLoggerListener.log Command line argument: --add-opens=java.base/java.io=ALL-UNNAMED
17-Sep-2023 18:48:20.709 INFO [main] org.apache.catalina.startup.VersionLoggerListener.log Command line argument: --add-opens=java.base/java.util=ALL-UNNAMED
17-Sep-2023 18:48:20.709 INFO [main] org.apache.catalina.startup.VersionLoggerListener.log Command line argument: --add-opens=java.base/java.util.concurrent=ALL-UNNAMED
17-Sep-2023 18:48:20.709 INFO [main] org.apache.catalina.startup.VersionLoggerListener.log Command line argument: --add-opens=java.rmi/sun.rmi.transport=ALL-UNNAMED
17-Sep-2023 18:48:20.709 INFO [main] org.apache.catalina.startup.VersionLoggerListener.log Command line argument: -Dcatalina.base=E:\JAVASCRIPPPTTTT\Fuse-React-v8.2.1-demo\apache-tomcat-10.1.11
17-Sep-2023 18:48:20.709 INFO [main] org.apache.catalina.startup.VersionLoggerListener.log Command line argument: -Dcatalina.home=E:\JAVASCRIPPPTTTT\Fuse-React-v8.2.1-demo\apache-tomcat-10.1.11
17-Sep-2023 18:48:20.709 INFO [main] org.apache.catalina.startup.VersionLoggerListener.log Command line argument: -Djava.io.tmpdir=E:\JAVASCRIPPPTTTT\Fuse-React-v8.2.1-demo\apache-tomcat-10.1.11\temp
17-Sep-2023 18:48:20.725 INFO [main] org.apache.catalina.core.AprLifecycleListener.lifecycleEvent Loaded Apache Tomcat Native library [2.0.4] using APR version [1.7.4].
17-Sep-2023 18:48:20.757 INFO [main] org.apache.catalina.core.AprLifecycleListener.initializeSSL OpenSSL successfully initialized [OpenSSL 3.0.9 30 May 2023]
17-Sep-2023 18:48:21.194 INFO [main] org.apache.coyote.AbstractProtocol.init Initializing ProtocolHandler ["http-nio-8080"]
17-Sep-2023 18:48:21.226 SEVERE [main] org.apache.catalina.util.LifecycleBase.handleSubClassException Failed to initialize component [Connector[HTTP/1.1-8080]]
	org.apache.catalina.LifecycleException: Protocol handler initialization failed
		at org.apache.catalina.connector.Connector.initInternal(Connector.java:1015)
		at org.apache.catalina.util.LifecycleBase.init(LifecycleBase.java:136)
		at org.apache.catalina.core.StandardService.initInternal(StandardService.java:549)
		at org.apache.catalina.util.LifecycleBase.init(LifecycleBase.java:136)
		at org.apache.catalina.core.StandardServer.initInternal(StandardServer.java:1011)
		at org.apache.catalina.util.LifecycleBase.init(LifecycleBase.java:136)
		at org.apache.catalina.startup.Catalina.load(Catalina.java:747)
		at org.apache.catalina.startup.Catalina.load(Catalina.java:769)
		at java.base/jdk.internal.reflect.NativeMethodAccessorImpl.invoke0(Native Method)
		at java.base/jdk.internal.reflect.NativeMethodAccessorImpl.invoke(NativeMethodAccessorImpl.java:77)
		at java.base/jdk.internal.reflect.DelegatingMethodAccessorImpl.invoke(DelegatingMethodAccessorImpl.java:43)
		at java.base/java.lang.reflect.Method.invoke(Method.java:568)
		at org.apache.catalina.startup.Bootstrap.load(Bootstrap.java:307)
		at org.apache.catalina.startup.Bootstrap.main(Bootstrap.java:477)
	Caused by: java.net.BindException: Address already in use: bind
		at java.base/sun.nio.ch.Net.bind0(Native Method)
		at java.base/sun.nio.ch.Net.bind(Net.java:555)
		at java.base/sun.nio.ch.ServerSocketChannelImpl.netBind(ServerSocketChannelImpl.java:337)
		at java.base/sun.nio.ch.ServerSocketChannelImpl.bind(ServerSocketChannelImpl.java:294)
		at org.apache.tomcat.util.net.NioEndpoint.initServerSocket(NioEndpoint.java:247)
		at org.apache.tomcat.util.net.NioEndpoint.bind(NioEndpoint.java:202)
		at org.apache.tomcat.util.net.AbstractEndpoint.bindWithCleanup(AbstractEndpoint.java:1278)
		at org.apache.tomcat.util.net.AbstractEndpoint.init(AbstractEndpoint.java:1291)
		at org.apache.coyote.AbstractProtocol.init(AbstractProtocol.java:622)
		at org.apache.coyote.http11.AbstractHttp11Protocol.init(AbstractHttp11Protocol.java:77)
		at org.apache.catalina.connector.Connector.initInternal(Connector.java:1013)
		... 13 more
17-Sep-2023 18:48:21.235 INFO [main] org.apache.catalina.startup.Catalina.load Server initialization in [895] milliseconds
17-Sep-2023 18:48:21.328 INFO [main] org.apache.catalina.core.StandardService.startInternal Starting service [Catalina]
17-Sep-2023 18:48:21.344 INFO [main] org.apache.catalina.core.StandardEngine.startInternal Starting Servlet engine: [Apache Tomcat/10.1.11]
17-Sep-2023 18:48:21.375 INFO [main] org.apache.catalina.startup.HostConfig.deployWAR Deploying web application archive [E:\JAVASCRIPPPTTTT\Fuse-React-v8.2.1-demo\apache-tomcat-10.1.11\webapps\server-1.0-SNAPSHOT.war]
17-Sep-2023 18:48:22.813 INFO [main] org.apache.jasper.servlet.TldScanner.scanJars At least one JAR was scanned for TLDs yet contained no TLDs. Enable debug logging for this logger for a complete list of JARs that were scanned but no TLDs were found in them. Skipping unneeded JARs during scanning can improve startup time and JSP compilation time.
17-Sep-2023 18:48:22.969 WARNING [main] org.apache.catalina.util.SessionIdGeneratorBase.createSecureRandom Creation of SecureRandom instance for session ID generation using [SHA1PRNG] took [125] milliseconds.
17-Sep-2023 18:48:23.016 INFO [main] org.apache.catalina.startup.HostConfig.deployWAR Deployment of web application archive [E:\JAVASCRIPPPTTTT\Fuse-React-v8.2.1-demo\apache-tomcat-10.1.11\webapps\server-1.0-SNAPSHOT.war] has finished in [1,641] ms
17-Sep-2023 18:48:23.016 INFO [main] org.apache.catalina.startup.HostConfig.deployDirectory Deploying web application directory [E:\JAVASCRIPPPTTTT\Fuse-React-v8.2.1-demo\apache-tomcat-10.1.11\webapps\docs]
17-Sep-2023 18:48:23.078 INFO [main] org.apache.catalina.startup.HostConfig.deployDirectory Deployment of web application directory [E:\JAVASCRIPPPTTTT\Fuse-React-v8.2.1-demo\apache-tomcat-10.1.11\webapps\docs] has finished in [62] ms
17-Sep-2023 18:48:23.078 INFO [main] org.apache.catalina.startup.HostConfig.deployDirectory Deploying web application directory [E:\JAVASCRIPPPTTTT\Fuse-React-v8.2.1-demo\apache-tomcat-10.1.11\webapps\examples]
17-Sep-2023 18:48:23.766 INFO [main] org.apache.catalina.startup.HostConfig.deployDirectory Deployment of web application directory [E:\JAVASCRIPPPTTTT\Fuse-React-v8.2.1-demo\apache-tomcat-10.1.11\webapps\examples] has finished in [688] ms
17-Sep-2023 18:48:23.781 INFO [main] org.apache.catalina.startup.HostConfig.deployDirectory Deploying web application directory [E:\JAVASCRIPPPTTTT\Fuse-React-v8.2.1-demo\apache-tomcat-10.1.11\webapps\host-manager]
17-Sep-2023 18:48:23.859 INFO [main] org.apache.catalina.startup.HostConfig.deployDirectory Deployment of web application directory [E:\JAVASCRIPPPTTTT\Fuse-React-v8.2.1-demo\apache-tomcat-10.1.11\webapps\host-manager] has finished in [93] ms
17-Sep-2023 18:48:23.859 INFO [main] org.apache.catalina.startup.HostConfig.deployDirectory Deploying web application directory [E:\JAVASCRIPPPTTTT\Fuse-React-v8.2.1-demo\apache-tomcat-10.1.11\webapps\manager]
17-Sep-2023 18:48:23.922 INFO [main] org.apache.catalina.startup.HostConfig.deployDirectory Deployment of web application directory [E:\JAVASCRIPPPTTTT\Fuse-React-v8.2.1-demo\apache-tomcat-10.1.11\webapps\manager] has finished in [63] ms
17-Sep-2023 18:48:23.922 INFO [main] org.apache.catalina.startup.HostConfig.deployDirectory Deploying web application directory [E:\JAVASCRIPPPTTTT\Fuse-React-v8.2.1-demo\apache-tomcat-10.1.11\webapps\ROOT]
17-Sep-2023 18:48:23.953 INFO [main] org.apache.catalina.startup.HostConfig.deployDirectory Deployment of web application directory [E:\JAVASCRIPPPTTTT\Fuse-React-v8.2.1-demo\apache-tomcat-10.1.11\webapps\ROOT] has finished in [31] ms
17-Sep-2023 18:48:23.953 INFO [main] org.apache.catalina.startup.HostConfig.deployDirectory Deploying web application directory [E:\JAVASCRIPPPTTTT\Fuse-React-v8.2.1-demo\apache-tomcat-10.1.11\webapps\server]
17-Sep-2023 18:48:24.563 INFO [main] org.apache.jasper.servlet.TldScanner.scanJars At least one JAR was scanned for TLDs yet contained no TLDs. Enable debug logging for this logger for a complete list of JARs that were scanned but no TLDs were found in them. Skipping unneeded JARs during scanning can improve startup time and JSP compilation time.
17-Sep-2023 18:48:24.578 INFO [main] org.apache.catalina.startup.HostConfig.deployDirectory Deployment of web application directory [E:\JAVASCRIPPPTTTT\Fuse-React-v8.2.1-demo\apache-tomcat-10.1.11\webapps\server] has finished in [625] ms
17-Sep-2023 18:48:24.587 INFO [main] org.apache.catalina.startup.Catalina.start Server startup in [3350] milliseconds
17-Sep-2023 18:48:24.603 SEVERE [main] org.apache.catalina.core.StandardServer.await Failed to create server shutdown socket on address [localhost] and port [8005] (base port [8005] and offset [0])
	java.net.BindException: Address already in use: bind
		at java.base/sun.nio.ch.Net.bind0(Native Method)
		at java.base/sun.nio.ch.Net.bind(Net.java:555)
		at java.base/sun.nio.ch.Net.bind(Net.java:544)
		at java.base/sun.nio.ch.NioSocketImpl.bind(NioSocketImpl.java:643)
		at java.base/java.net.ServerSocket.bind(ServerSocket.java:388)
		at java.base/java.net.ServerSocket.<init>(ServerSocket.java:274)
		at org.apache.catalina.core.StandardServer.await(StandardServer.java:578)
		at org.apache.catalina.startup.Catalina.await(Catalina.java:887)
		at org.apache.catalina.startup.Catalina.start(Catalina.java:833)
		at java.base/jdk.internal.reflect.NativeMethodAccessorImpl.invoke0(Native Method)
		at java.base/jdk.internal.reflect.NativeMethodAccessorImpl.invoke(NativeMethodAccessorImpl.java:77)
		at java.base/jdk.internal.reflect.DelegatingMethodAccessorImpl.invoke(DelegatingMethodAccessorImpl.java:43)
		at java.base/java.lang.reflect.Method.invoke(Method.java:568)
		at org.apache.catalina.startup.Bootstrap.start(Bootstrap.java:347)
		at org.apache.catalina.startup.Bootstrap.main(Bootstrap.java:478)
17-Sep-2023 18:48:24.603 INFO [main] org.apache.coyote.AbstractProtocol.pause Pausing ProtocolHandler ["http-nio-8080"]
17-Sep-2023 18:48:24.603 INFO [main] org.apache.catalina.core.StandardService.stopInternal Stopping service [Catalina]
17-Sep-2023 18:48:24.650 INFO [main] org.apache.coyote.AbstractProtocol.stop Stopping ProtocolHandler ["http-nio-8080"]
17-Sep-2023 18:48:24.650 INFO [main] org.apache.coyote.AbstractProtocol.destroy Destroying ProtocolHandler ["http-nio-8080"]
