10-Sep-2023 18:44:21.921 INFO [main] org.apache.catalina.core.ApplicationContext.log ContextListener: contextInitialized()
10-Sep-2023 18:44:21.924 INFO [main] org.apache.catalina.core.ApplicationContext.log SessionListener: contextInitialized()
10-Sep-2023 18:44:21.927 INFO [main] org.apache.catalina.core.ApplicationContext.log ContextListener: attributeAdded('StockTicker', 'async.Stockticker@4e517165')
10-Sep-2023 18:44:23.587 INFO [main] org.apache.catalina.core.ApplicationContext.log SessionListener: contextDestroyed()
10-Sep-2023 18:44:23.587 INFO [main] org.apache.catalina.core.ApplicationContext.log ContextListener: contextDestroyed()
10-Sep-2023 18:46:00.987 INFO [main] org.apache.catalina.core.ApplicationContext.log ContextListener: contextInitialized()
10-Sep-2023 18:46:00.987 INFO [main] org.apache.catalina.core.ApplicationContext.log SessionListener: contextInitialized()
10-Sep-2023 18:46:00.990 INFO [main] org.apache.catalina.core.ApplicationContext.log ContextListener: attributeAdded('StockTicker', 'async.Stockticker@2c104774')
10-Sep-2023 18:46:05.993 INFO [main] org.apache.catalina.core.ApplicationContext.log ContextListener: contextInitialized()
10-Sep-2023 18:46:05.993 INFO [main] org.apache.catalina.core.ApplicationContext.log SessionListener: contextInitialized()
10-Sep-2023 18:46:05.997 INFO [main] org.apache.catalina.core.ApplicationContext.log ContextListener: attributeAdded('StockTicker', 'async.Stockticker@665e9289')
10-Sep-2023 18:46:07.690 INFO [main] org.apache.catalina.core.ApplicationContext.log SessionListener: contextDestroyed()
10-Sep-2023 18:46:07.690 INFO [main] org.apache.catalina.core.ApplicationContext.log ContextListener: contextDestroyed()
10-Sep-2023 18:46:11.737 INFO [main] org.apache.catalina.core.ApplicationContext.log ContextListener: contextInitialized()
10-Sep-2023 18:46:11.737 INFO [main] org.apache.catalina.core.ApplicationContext.log SessionListener: contextInitialized()
10-Sep-2023 18:46:11.740 INFO [main] org.apache.catalina.core.ApplicationContext.log ContextListener: attributeAdded('StockTicker', 'async.Stockticker@6b54655f')
10-Sep-2023 18:46:13.207 INFO [main] org.apache.catalina.core.ApplicationContext.log SessionListener: contextDestroyed()
10-Sep-2023 18:46:13.207 INFO [main] org.apache.catalina.core.ApplicationContext.log ContextListener: contextDestroyed()
10-Sep-2023 18:46:18.389 INFO [Thread-1] org.apache.catalina.core.ApplicationContext.log SessionListener: contextDestroyed()
10-Sep-2023 18:46:18.389 INFO [Thread-1] org.apache.catalina.core.ApplicationContext.log ContextListener: contextDestroyed()
10-Sep-2023 18:49:04.549 INFO [main] org.apache.catalina.core.ApplicationContext.log ContextListener: contextInitialized()
10-Sep-2023 18:49:04.549 INFO [main] org.apache.catalina.core.ApplicationContext.log SessionListener: contextInitialized()
10-Sep-2023 18:49:04.552 INFO [main] org.apache.catalina.core.ApplicationContext.log ContextListener: attributeAdded('StockTicker', 'async.Stockticker@2c104774')
10-Sep-2023 18:49:43.694 INFO [main] org.apache.catalina.core.ApplicationContext.log ContextListener: contextInitialized()
10-Sep-2023 18:49:43.694 INFO [main] org.apache.catalina.core.ApplicationContext.log SessionListener: contextInitialized()
10-Sep-2023 18:49:43.697 INFO [main] org.apache.catalina.core.ApplicationContext.log ContextListener: attributeAdded('StockTicker', 'async.Stockticker@2cb3d0f7')
10-Sep-2023 18:51:16.791 INFO [main] org.apache.catalina.core.ApplicationContext.log ContextListener: contextInitialized()
10-Sep-2023 18:51:16.791 INFO [main] org.apache.catalina.core.ApplicationContext.log SessionListener: contextInitialized()
10-Sep-2023 18:51:16.803 INFO [main] org.apache.catalina.core.ApplicationContext.log ContextListener: attributeAdded('StockTicker', 'async.Stockticker@2c104774')
10-Sep-2023 18:51:22.285 INFO [main] org.apache.catalina.core.ApplicationContext.log ContextListener: contextInitialized()
10-Sep-2023 18:51:22.286 INFO [main] org.apache.catalina.core.ApplicationContext.log SessionListener: contextInitialized()
10-Sep-2023 18:51:22.289 INFO [main] org.apache.catalina.core.ApplicationContext.log ContextListener: attributeAdded('StockTicker', 'async.Stockticker@7d3430a7')
10-Sep-2023 18:51:24.480 INFO [main] org.apache.catalina.core.ApplicationContext.log SessionListener: contextDestroyed()
10-Sep-2023 18:51:24.480 INFO [main] org.apache.catalina.core.ApplicationContext.log ContextListener: contextDestroyed()
10-Sep-2023 18:52:43.711 INFO [main] org.apache.catalina.core.ApplicationContext.log ContextListener: contextInitialized()
10-Sep-2023 18:52:43.712 INFO [main] org.apache.catalina.core.ApplicationContext.log SessionListener: contextInitialized()
10-Sep-2023 18:52:43.718 INFO [main] org.apache.catalina.core.ApplicationContext.log ContextListener: attributeAdded('StockTicker', 'async.Stockticker@4e517165')
10-Sep-2023 18:52:49.123 INFO [main] org.apache.catalina.core.ApplicationContext.log ContextListener: contextInitialized()
10-Sep-2023 18:52:49.124 INFO [main] org.apache.catalina.core.ApplicationContext.log SessionListener: contextInitialized()
10-Sep-2023 18:52:49.130 INFO [main] org.apache.catalina.core.ApplicationContext.log ContextListener: attributeAdded('StockTicker', 'async.Stockticker@665e9289')
10-Sep-2023 18:52:50.789 INFO [main] org.apache.catalina.core.ApplicationContext.log SessionListener: contextDestroyed()
10-Sep-2023 18:52:50.789 INFO [main] org.apache.catalina.core.ApplicationContext.log ContextListener: contextDestroyed()
10-Sep-2023 18:59:10.131 INFO [main] org.apache.catalina.core.ApplicationContext.log ContextListener: contextInitialized()
10-Sep-2023 18:59:10.132 INFO [main] org.apache.catalina.core.ApplicationContext.log SessionListener: contextInitialized()
10-Sep-2023 18:59:10.135 INFO [main] org.apache.catalina.core.ApplicationContext.log ContextListener: attributeAdded('StockTicker', 'async.Stockticker@2cb3d0f7')
10-Sep-2023 18:59:15.530 INFO [main] org.apache.catalina.core.ApplicationContext.log ContextListener: contextInitialized()
10-Sep-2023 18:59:15.530 INFO [main] org.apache.catalina.core.ApplicationContext.log SessionListener: contextInitialized()
10-Sep-2023 18:59:15.532 INFO [main] org.apache.catalina.core.ApplicationContext.log ContextListener: attributeAdded('StockTicker', 'async.Stockticker@5b080f3a')
10-Sep-2023 18:59:16.852 INFO [main] org.apache.catalina.core.ApplicationContext.log SessionListener: contextDestroyed()
10-Sep-2023 18:59:16.853 INFO [main] org.apache.catalina.core.ApplicationContext.log ContextListener: contextDestroyed()
10-Sep-2023 19:00:07.123 INFO [main] org.apache.catalina.core.ApplicationContext.log ContextListener: contextInitialized()
10-Sep-2023 19:00:07.123 INFO [main] org.apache.catalina.core.ApplicationContext.log SessionListener: contextInitialized()
10-Sep-2023 19:00:07.127 INFO [main] org.apache.catalina.core.ApplicationContext.log ContextListener: attributeAdded('StockTicker', 'async.Stockticker@44e3760b')
10-Sep-2023 19:01:26.647 INFO [main] org.apache.catalina.core.ApplicationContext.log ContextListener: contextInitialized()
10-Sep-2023 19:01:26.647 INFO [main] org.apache.catalina.core.ApplicationContext.log SessionListener: contextInitialized()
10-Sep-2023 19:01:26.651 INFO [main] org.apache.catalina.core.ApplicationContext.log ContextListener: attributeAdded('StockTicker', 'async.Stockticker@4e517165')
10-Sep-2023 19:02:37.429 INFO [main] org.apache.catalina.core.ApplicationContext.log ContextListener: contextInitialized()
10-Sep-2023 19:02:37.429 INFO [main] org.apache.catalina.core.ApplicationContext.log SessionListener: contextInitialized()
10-Sep-2023 19:02:37.433 INFO [main] org.apache.catalina.core.ApplicationContext.log ContextListener: attributeAdded('StockTicker', 'async.Stockticker@4e517165')
10-Sep-2023 19:02:42.917 INFO [main] org.apache.catalina.core.ApplicationContext.log ContextListener: contextInitialized()
10-Sep-2023 19:02:42.917 INFO [main] org.apache.catalina.core.ApplicationContext.log SessionListener: contextInitialized()
10-Sep-2023 19:02:42.921 INFO [main] org.apache.catalina.core.ApplicationContext.log ContextListener: attributeAdded('StockTicker', 'async.Stockticker@2756c0a7')
10-Sep-2023 19:02:44.458 INFO [main] org.apache.catalina.core.ApplicationContext.log SessionListener: contextDestroyed()
10-Sep-2023 19:02:44.459 INFO [main] org.apache.catalina.core.ApplicationContext.log ContextListener: contextDestroyed()
10-Sep-2023 19:02:48.676 INFO [main] org.apache.catalina.core.ApplicationContext.log ContextListener: contextInitialized()
10-Sep-2023 19:02:48.677 INFO [main] org.apache.catalina.core.ApplicationContext.log SessionListener: contextInitialized()
10-Sep-2023 19:02:48.680 INFO [main] org.apache.catalina.core.ApplicationContext.log ContextListener: attributeAdded('StockTicker', 'async.Stockticker@7d3430a7')
10-Sep-2023 19:02:50.289 INFO [main] org.apache.catalina.core.ApplicationContext.log SessionListener: contextDestroyed()
10-Sep-2023 19:02:50.289 INFO [main] org.apache.catalina.core.ApplicationContext.log ContextListener: contextDestroyed()
10-Sep-2023 19:02:55.180 INFO [main] org.apache.catalina.core.ApplicationContext.log ContextListener: contextInitialized()
10-Sep-2023 19:02:55.181 INFO [main] org.apache.catalina.core.ApplicationContext.log SessionListener: contextInitialized()
10-Sep-2023 19:02:55.184 INFO [main] org.apache.catalina.core.ApplicationContext.log ContextListener: attributeAdded('StockTicker', 'async.Stockticker@2756c0a7')
10-Sep-2023 19:02:56.420 INFO [main] org.apache.catalina.core.ApplicationContext.log SessionListener: contextDestroyed()
10-Sep-2023 19:02:56.420 INFO [main] org.apache.catalina.core.ApplicationContext.log ContextListener: contextDestroyed()
10-Sep-2023 19:06:42.739 INFO [main] org.apache.catalina.core.ApplicationContext.log ContextListener: contextInitialized()
10-Sep-2023 19:06:42.740 INFO [main] org.apache.catalina.core.ApplicationContext.log SessionListener: contextInitialized()
10-Sep-2023 19:06:42.743 INFO [main] org.apache.catalina.core.ApplicationContext.log ContextListener: attributeAdded('StockTicker', 'async.Stockticker@2c104774')
